{"level":"warn","message":"alerta"}
warning: 
warning: warning
warning: warning
error: error
error: undefined {"code":"ERR_HTTP_HEADERS_SENT"}
warning: warning
error: error
warning: warning
error: error
fatal: fatal
warning: warning
error: error
fatal: fatal
warning: warning
error: error
fatal: fatal
warning: warning
error: error
fatal: fatal
warning: warning
error: error
fatal: fatal
warning: warning
error: error
fatal: fatal
warning: warning
error: error
fatal: fatal
warning: warning
warning: warning
error: error
fatal: fatal
warning: warning
error: error
fatal: fatal
warning: warning
error: error
fatal: fatal
warning: warning
error: error
fatal: fatal
error: error
fatal: fatal
error: error
error: error
fatal: fatal
error: error
fatal: fatal
error: undefined
error: undefined
error: undefined
error: undefined
error: undefined
{"level":"error","message":"error"}
{"level":"error","message":"error"}
{"level":"error","message":"error"}
error: error
fatal: fatal
error: error
fatal: fatal
error: error
fatal: fatal
error: error
fatal: fatal
error: error
fatal: fatal
